0 info it worked if it ends with ok
1 verbose cli [ 'C:\\Program Files\\nodejs\\\\node.exe',
1 verbose cli   'C:\\Program Files\\nodejs\\node_modules\\npm\\bin\\npm-cli.js',
1 verbose cli   'install',
1 verbose cli   'bcrypt' ]
2 info using npm@2.11.3
3 info using node@v0.12.7
4 verbose install initial load of C:\Users\Cory Williams\Documents\Creative\todo\package.json
5 warn package.json todo@1.0.0 No repository field.
6 verbose installManyTop reading scoped package data from C:\Users\Cory Williams\Documents\Creative\todo\node_modules\express\package.json
7 verbose installManyTop reading scoped package data from C:\Users\Cory Williams\Documents\Creative\todo\node_modules\mongodb\package.json
8 verbose installManyTop reading scoped package data from C:\Users\Cory Williams\Documents\Creative\todo\node_modules\mongoose\package.json
9 verbose readDependencies loading dependencies from C:\Users\Cory Williams\Documents\Creative\todo\package.json
10 silly cache add args [ 'bcrypt', null ]
11 verbose cache add spec bcrypt
12 silly cache add parsed spec { raw: 'bcrypt',
12 silly cache add   scope: null,
12 silly cache add   name: 'bcrypt',
12 silly cache add   rawSpec: '',
12 silly cache add   spec: '*',
12 silly cache add   type: 'range' }
13 silly addNamed bcrypt@*
14 verbose addNamed "*" is a valid semver range for bcrypt
15 silly addNameRange { name: 'bcrypt', range: '*', hasData: false }
16 silly mapToRegistry name bcrypt
17 silly mapToRegistry using default registry
18 silly mapToRegistry registry https://registry.npmjs.org/
19 silly mapToRegistry uri https://registry.npmjs.org/bcrypt
20 verbose addNameRange registry:https://registry.npmjs.org/bcrypt not in flight; fetching
21 verbose request uri https://registry.npmjs.org/bcrypt
22 verbose request no auth needed
23 info attempt registry request try #1 at 9:30:05 PM
24 verbose request id a1900c0918bc8a42
25 http request GET https://registry.npmjs.org/bcrypt
26 http 200 https://registry.npmjs.org/bcrypt
27 silly get cb [ 200,
27 silly get   { server: 'CouchDB/1.5.0 (Erlang OTP/R16B03)',
27 silly get     etag: '"5EDWD1CURU8Y5UF04J0FDXG8T"',
27 silly get     'content-type': 'application/json',
27 silly get     'cache-control': 'max-age=60',
27 silly get     'content-length': '74107',
27 silly get     'accept-ranges': 'bytes',
27 silly get     date: 'Sun, 13 Sep 2015 01:30:03 GMT',
27 silly get     via: '1.1 varnish',
27 silly get     age: '0',
27 silly get     connection: 'keep-alive',
27 silly get     'x-served-by': 'cache-iad2133-IAD',
27 silly get     'x-cache': 'HIT',
27 silly get     'x-cache-hits': '1',
27 silly get     'x-timer': 'S1442107803.378835,VS0,VE13',
27 silly get     vary: 'Accept' } ]
28 verbose get saving bcrypt to C:\Users\Cory Williams\AppData\Roaming\npm-cache\registry.npmjs.org\bcrypt\.cache.json
29 silly addNameRange number 2 { name: 'bcrypt', range: '*', hasData: true }
30 silly addNameRange versions [ 'bcrypt',
30 silly addNameRange   [ '0.1.2',
30 silly addNameRange     '0.2.0',
30 silly addNameRange     '0.2.1',
30 silly addNameRange     '0.1.3',
30 silly addNameRange     '0.2.2',
30 silly addNameRange     '0.2.3',
30 silly addNameRange     '0.2.4',
30 silly addNameRange     '0.3.0',
30 silly addNameRange     '0.3.1',
30 silly addNameRange     '0.3.2',
30 silly addNameRange     '0.4.0',
30 silly addNameRange     '0.4.1',
30 silly addNameRange     '0.5.0',
30 silly addNameRange     '0.6.0',
30 silly addNameRange     '0.7.0',
30 silly addNameRange     '0.7.1',
30 silly addNameRange     '0.7.2',
30 silly addNameRange     '0.7.3',
30 silly addNameRange     '0.7.4',
30 silly addNameRange     '0.7.5',
30 silly addNameRange     '0.7.6',
30 silly addNameRange     '0.7.7',
30 silly addNameRange     '0.7.8',
30 silly addNameRange     '0.8.0',
30 silly addNameRange     '0.8.1',
30 silly addNameRange     '0.8.2',
30 silly addNameRange     '0.8.3',
30 silly addNameRange     '0.8.4',
30 silly addNameRange     '0.8.5' ] ]
31 silly addNamed bcrypt@0.8.5
32 verbose addNamed "0.8.5" is a plain semver version for bcrypt
33 silly mapToRegistry name bcrypt
34 silly mapToRegistry using default registry
35 silly mapToRegistry registry https://registry.npmjs.org/
36 silly mapToRegistry uri https://registry.npmjs.org/bcrypt
37 verbose addRemoteTarball https://registry.npmjs.org/bcrypt/-/bcrypt-0.8.5.tgz not in flight; adding
38 verbose addRemoteTarball [ 'https://registry.npmjs.org/bcrypt/-/bcrypt-0.8.5.tgz',
38 verbose addRemoteTarball   '8e5b81b4db80e944f440005979ca8d58a961861d' ]
39 info retry fetch attempt 1 at 9:30:07 PM
40 info attempt registry request try #1 at 9:30:07 PM
41 http fetch GET https://registry.npmjs.org/bcrypt/-/bcrypt-0.8.5.tgz
42 http fetch 200 https://registry.npmjs.org/bcrypt/-/bcrypt-0.8.5.tgz
43 silly fetchAndShaCheck shasum 8e5b81b4db80e944f440005979ca8d58a961861d
44 verbose addTmpTarball C:\Users\CORYWI~1\AppData\Local\Temp\npm-14120-5e9b67d0\registry.npmjs.org\bcrypt\-\bcrypt-0.8.5.tgz not in flight; adding
45 verbose addTmpTarball already have metadata; skipping unpack for bcrypt@0.8.5
46 silly cache afterAdd bcrypt@0.8.5
47 verbose afterAdd C:\Users\Cory Williams\AppData\Roaming\npm-cache\bcrypt\0.8.5\package\package.json not in flight; writing
48 verbose afterAdd C:\Users\Cory Williams\AppData\Roaming\npm-cache\bcrypt\0.8.5\package\package.json written
49 silly install resolved [ { name: 'bcrypt',
49 silly install resolved     description: 'A bcrypt library for NodeJS.',
49 silly install resolved     keywords:
49 silly install resolved      [ 'bcrypt',
49 silly install resolved        'password',
49 silly install resolved        'auth',
49 silly install resolved        'authentication',
49 silly install resolved        'encryption',
49 silly install resolved        'crypt',
49 silly install resolved        'crypto' ],
49 silly install resolved     main: './bcrypt',
49 silly install resolved     version: '0.8.5',
49 silly install resolved     author: { name: 'Nick Campbell', url: 'https://github.com/ncb000gt' },
49 silly install resolved     engines: { node: '>= 0.6.0' },
49 silly install resolved     repository:
49 silly install resolved      { type: 'git',
49 silly install resolved        url: 'git+https://github.com/ncb000gt/node.bcrypt.js.git' },
49 silly install resolved     license: 'MIT',
49 silly install resolved     bugs: { url: 'https://github.com/ncb000gt/node.bcrypt.js/issues' },
49 silly install resolved     scripts:
49 silly install resolved      { test: 'node-gyp configure build && nodeunit test',
49 silly install resolved        install: 'node-gyp rebuild' },
49 silly install resolved     dependencies: { bindings: '1.2.1', nan: '2.0.5' },
49 silly install resolved     devDependencies: { nodeunit: '~0.9.1' },
49 silly install resolved     contributors:
49 silly install resolved      [ [Object],
49 silly install resolved        [Object],
49 silly install resolved        [Object],
49 silly install resolved        [Object],
49 silly install resolved        [Object],
49 silly install resolved        [Object],
49 silly install resolved        [Object],
49 silly install resolved        [Object],
49 silly install resolved        [Object],
49 silly install resolved        [Object],
49 silly install resolved        [Object],
49 silly install resolved        [Object],
49 silly install resolved        [Object],
49 silly install resolved        [Object] ],
49 silly install resolved     gypfile: true,
49 silly install resolved     gitHead: '5d97708f06754d7d7989c67ba867002d10013615',
49 silly install resolved     homepage: 'https://github.com/ncb000gt/node.bcrypt.js#readme',
49 silly install resolved     _id: 'bcrypt@0.8.5',
49 silly install resolved     _shasum: '8e5b81b4db80e944f440005979ca8d58a961861d',
49 silly install resolved     _from: 'bcrypt@*',
49 silly install resolved     _npmVersion: '2.13.3',
49 silly install resolved     _nodeVersion: '3.0.0',
49 silly install resolved     _npmUser: { name: 'defunctzombie', email: 'shtylman@gmail.com' },
49 silly install resolved     dist:
49 silly install resolved      { shasum: '8e5b81b4db80e944f440005979ca8d58a961861d',
49 silly install resolved        tarball: 'http://registry.npmjs.org/bcrypt/-/bcrypt-0.8.5.tgz' },
49 silly install resolved     maintainers: [ [Object], [Object], [Object], [Object] ],
49 silly install resolved     directories: {},
49 silly install resolved     _resolved: 'https://registry.npmjs.org/bcrypt/-/bcrypt-0.8.5.tgz' } ]
50 info install bcrypt@0.8.5 into C:\Users\Cory Williams\Documents\Creative\todo
51 info installOne bcrypt@0.8.5
52 verbose installOne of bcrypt to C:\Users\Cory Williams\Documents\Creative\todo not in flight; installing
53 verbose lock using C:\Users\Cory Williams\AppData\Roaming\npm-cache\_locks\bcrypt-36e1328a1347bc5d.lock for C:\Users\Cory Williams\Documents\Creative\todo\node_modules\bcrypt
54 silly install write writing bcrypt 0.8.5 to C:\Users\Cory Williams\Documents\Creative\todo\node_modules\bcrypt
55 verbose unbuild node_modules\bcrypt
56 silly gentlyRm C:\Users\Cory Williams\Documents\Creative\todo\node_modules\bcrypt is being purged from base C:\Users\Cory Williams\Documents\Creative\todo
57 verbose gentlyRm don't care about contents; nuking C:\Users\Cory Williams\Documents\Creative\todo\node_modules\bcrypt
58 verbose tar unpack C:\Users\Cory Williams\AppData\Roaming\npm-cache\bcrypt\0.8.5\package.tgz
59 verbose tar unpacking to C:\Users\Cory Williams\Documents\Creative\todo\node_modules\bcrypt
60 silly gentlyRm C:\Users\Cory Williams\Documents\Creative\todo\node_modules\bcrypt is being purged
61 verbose gentlyRm don't care about contents; nuking C:\Users\Cory Williams\Documents\Creative\todo\node_modules\bcrypt
62 silly gunzTarPerm modes [ '777', '666' ]
63 silly gunzTarPerm extractEntry package.json
64 silly gunzTarPerm modified mode [ 'package.json', 420, 438 ]
65 silly gunzTarPerm extractEntry .npmignore
66 silly gunzTarPerm modified mode [ '.npmignore', 420, 438 ]
67 silly gunzTarPerm extractEntry README.md
68 silly gunzTarPerm modified mode [ 'README.md', 420, 438 ]
69 silly gunzTarPerm extractEntry LICENSE
70 silly gunzTarPerm modified mode [ 'LICENSE', 420, 438 ]
71 silly gunzTarPerm extractEntry bcrypt.js
72 silly gunzTarPerm modified mode [ 'bcrypt.js', 420, 438 ]
73 silly gunzTarPerm extractEntry binding.gyp
74 silly gunzTarPerm modified mode [ 'binding.gyp', 420, 438 ]
75 silly gunzTarPerm extractEntry .travis.yml
76 silly gunzTarPerm modified mode [ '.travis.yml', 420, 438 ]
77 silly gunzTarPerm extractEntry CHANGELOG.md
78 silly gunzTarPerm modified mode [ 'CHANGELOG.md', 420, 438 ]
79 silly gunzTarPerm extractEntry examples/async_compare.js
80 silly gunzTarPerm modified mode [ 'examples/async_compare.js', 420, 438 ]
81 silly gunzTarPerm extractEntry examples/forever_gen_salt.js
82 silly gunzTarPerm modified mode [ 'examples/forever_gen_salt.js', 420, 438 ]
83 silly gunzTarPerm extractEntry test/async.js
84 silly gunzTarPerm modified mode [ 'test/async.js', 420, 438 ]
85 silly gunzTarPerm extractEntry test/repetitions.js
86 silly gunzTarPerm modified mode [ 'test/repetitions.js', 420, 438 ]
87 silly gunzTarPerm extractEntry test/sync.js
88 silly gunzTarPerm modified mode [ 'test/sync.js', 420, 438 ]
89 silly gunzTarPerm extractEntry Makefile
90 silly gunzTarPerm modified mode [ 'Makefile', 420, 438 ]
91 silly gunzTarPerm extractEntry src/bcrypt.cc
92 silly gunzTarPerm modified mode [ 'src/bcrypt.cc', 420, 438 ]
93 silly gunzTarPerm extractEntry src/bcrypt_node.cc
94 silly gunzTarPerm modified mode [ 'src/bcrypt_node.cc', 420, 438 ]
95 silly gunzTarPerm extractEntry src/blowfish.cc
96 silly gunzTarPerm modified mode [ 'src/blowfish.cc', 420, 438 ]
97 silly gunzTarPerm extractEntry src/node_blf.h
98 silly gunzTarPerm modified mode [ 'src/node_blf.h', 420, 438 ]
99 silly gunzTarPerm extractEntry werker.yml
100 silly gunzTarPerm modified mode [ 'werker.yml', 420, 438 ]
101 verbose write writing to C:\Users\Cory Williams\Documents\Creative\todo\node_modules\bcrypt\package.json
102 info preinstall bcrypt@0.8.5
103 verbose readDependencies loading dependencies from C:\Users\Cory Williams\Documents\Creative\todo\node_modules\bcrypt\package.json
104 silly prepareForInstallMany adding bindings@1.2.1 from bcrypt dependencies
105 silly prepareForInstallMany adding nan@2.0.5 from bcrypt dependencies
106 verbose readDependencies loading dependencies from C:\Users\Cory Williams\Documents\Creative\todo\node_modules\bcrypt\package.json
107 silly cache add args [ 'nan@2.0.5', null ]
108 verbose cache add spec nan@2.0.5
109 silly cache add parsed spec { raw: 'nan@2.0.5',
109 silly cache add   scope: null,
109 silly cache add   name: 'nan',
109 silly cache add   rawSpec: '2.0.5',
109 silly cache add   spec: '2.0.5',
109 silly cache add   type: 'version' }
110 silly addNamed nan@2.0.5
111 verbose addNamed "2.0.5" is a plain semver version for nan
112 silly mapToRegistry name nan
113 silly mapToRegistry using default registry
114 silly mapToRegistry registry https://registry.npmjs.org/
115 silly mapToRegistry uri https://registry.npmjs.org/nan
116 verbose addNameVersion registry:https://registry.npmjs.org/nan not in flight; fetching
117 silly cache add args [ 'bindings@1.2.1', null ]
118 verbose cache add spec bindings@1.2.1
119 silly cache add parsed spec { raw: 'bindings@1.2.1',
119 silly cache add   scope: null,
119 silly cache add   name: 'bindings',
119 silly cache add   rawSpec: '1.2.1',
119 silly cache add   spec: '1.2.1',
119 silly cache add   type: 'version' }
120 silly addNamed bindings@1.2.1
121 verbose addNamed "1.2.1" is a plain semver version for bindings
122 silly mapToRegistry name bindings
123 silly mapToRegistry using default registry
124 silly mapToRegistry registry https://registry.npmjs.org/
125 silly mapToRegistry uri https://registry.npmjs.org/bindings
126 verbose addNameVersion registry:https://registry.npmjs.org/bindings not in flight; fetching
127 verbose request uri https://registry.npmjs.org/bindings
128 verbose request no auth needed
129 info attempt registry request try #1 at 9:30:07 PM
130 http request GET https://registry.npmjs.org/bindings
131 verbose request uri https://registry.npmjs.org/nan
132 verbose request no auth needed
133 info attempt registry request try #1 at 9:30:07 PM
134 verbose etag "1L4RU1AM541YSVP1YQFXG1Y1J"
135 http request GET https://registry.npmjs.org/nan
136 http 200 https://registry.npmjs.org/bindings
137 silly get cb [ 200,
137 silly get   { server: 'CouchDB/1.5.0 (Erlang OTP/R16B03)',
137 silly get     etag: '"D2XXGHY5EXANSKX6Q9FJABZ7W"',
137 silly get     'content-type': 'application/json',
137 silly get     'cache-control': 'max-age=60',
137 silly get     'content-length': '18004',
137 silly get     'accept-ranges': 'bytes',
137 silly get     date: 'Sun, 13 Sep 2015 01:30:04 GMT',
137 silly get     via: '1.1 varnish',
137 silly get     age: '0',
137 silly get     connection: 'keep-alive',
137 silly get     'x-served-by': 'cache-iad2129-IAD',
137 silly get     'x-cache': 'HIT',
137 silly get     'x-cache-hits': '1',
137 silly get     'x-timer': 'S1442107804.473502,VS0,VE58',
137 silly get     vary: 'Accept' } ]
138 verbose get saving bindings to C:\Users\Cory Williams\AppData\Roaming\npm-cache\registry.npmjs.org\bindings\.cache.json
139 silly mapToRegistry name bindings
140 silly mapToRegistry using default registry
141 silly mapToRegistry registry https://registry.npmjs.org/
142 silly mapToRegistry uri https://registry.npmjs.org/bindings
143 verbose addRemoteTarball https://registry.npmjs.org/bindings/-/bindings-1.2.1.tgz not in flight; adding
144 verbose addRemoteTarball [ 'https://registry.npmjs.org/bindings/-/bindings-1.2.1.tgz',
144 verbose addRemoteTarball   '14ad6113812d2d37d72e67b4cacb4bb726505f11' ]
145 info retry fetch attempt 1 at 9:30:07 PM
146 info attempt registry request try #1 at 9:30:07 PM
147 http fetch GET https://registry.npmjs.org/bindings/-/bindings-1.2.1.tgz
148 http 304 https://registry.npmjs.org/nan
149 silly get cb [ 304,
149 silly get   { date: 'Sun, 13 Sep 2015 01:30:04 GMT',
149 silly get     via: '1.1 varnish',
149 silly get     'cache-control': 'max-age=60',
149 silly get     etag: '"1L4RU1AM541YSVP1YQFXG1Y1J"',
149 silly get     age: '33',
149 silly get     connection: 'keep-alive',
149 silly get     'x-served-by': 'cache-iad2121-IAD',
149 silly get     'x-cache': 'HIT',
149 silly get     'x-cache-hits': '1',
149 silly get     'x-timer': 'S1442107804.656097,VS0,VE0',
149 silly get     vary: 'Accept' } ]
150 verbose etag https://registry.npmjs.org/nan from cache
151 verbose get saving nan to C:\Users\Cory Williams\AppData\Roaming\npm-cache\registry.npmjs.org\nan\.cache.json
152 silly mapToRegistry name nan
153 silly mapToRegistry using default registry
154 silly mapToRegistry registry https://registry.npmjs.org/
155 silly mapToRegistry uri https://registry.npmjs.org/nan
156 verbose addRemoteTarball https://registry.npmjs.org/nan/-/nan-2.0.5.tgz not in flight; adding
157 verbose addRemoteTarball [ 'https://registry.npmjs.org/nan/-/nan-2.0.5.tgz',
157 verbose addRemoteTarball   '365888014be1fd178db0cbfa258edf7b0cb1c408' ]
158 info retry fetch attempt 1 at 9:30:08 PM
159 info attempt registry request try #1 at 9:30:08 PM
160 http fetch GET https://registry.npmjs.org/nan/-/nan-2.0.5.tgz
161 http fetch 200 https://registry.npmjs.org/bindings/-/bindings-1.2.1.tgz
162 silly fetchAndShaCheck shasum 14ad6113812d2d37d72e67b4cacb4bb726505f11
163 verbose addTmpTarball C:\Users\CORYWI~1\AppData\Local\Temp\npm-14120-5e9b67d0\registry.npmjs.org\bindings\-\bindings-1.2.1.tgz not in flight; adding
164 verbose addTmpTarball already have metadata; skipping unpack for bindings@1.2.1
165 silly cache afterAdd bindings@1.2.1
166 verbose afterAdd C:\Users\Cory Williams\AppData\Roaming\npm-cache\bindings\1.2.1\package\package.json not in flight; writing
167 verbose afterAdd C:\Users\Cory Williams\AppData\Roaming\npm-cache\bindings\1.2.1\package\package.json written
168 http fetch 200 https://registry.npmjs.org/nan/-/nan-2.0.5.tgz
169 silly fetchAndShaCheck shasum 365888014be1fd178db0cbfa258edf7b0cb1c408
170 verbose addTmpTarball C:\Users\CORYWI~1\AppData\Local\Temp\npm-14120-5e9b67d0\registry.npmjs.org\nan\-\nan-2.0.5.tgz not in flight; adding
171 verbose addTmpTarball already have metadata; skipping unpack for nan@2.0.5
172 silly cache afterAdd nan@2.0.5
173 verbose afterAdd C:\Users\Cory Williams\AppData\Roaming\npm-cache\nan\2.0.5\package\package.json not in flight; writing
174 verbose afterAdd C:\Users\Cory Williams\AppData\Roaming\npm-cache\nan\2.0.5\package\package.json written
175 silly install resolved [ { name: 'bindings',
175 silly install resolved     description: 'Helper module for loading your native module\'s .node file',
175 silly install resolved     keywords: [ 'native', 'addon', 'bindings', 'gyp', 'waf', 'c', 'c++' ],
175 silly install resolved     version: '1.2.1',
175 silly install resolved     author:
175 silly install resolved      { name: 'Nathan Rajlich',
175 silly install resolved        email: 'nathan@tootallnate.net',
175 silly install resolved        url: 'http://tootallnate.net' },
175 silly install resolved     repository:
175 silly install resolved      { type: 'git',
175 silly install resolved        url: 'git://github.com/TooTallNate/node-bindings.git' },
175 silly install resolved     main: './bindings.js',
175 silly install resolved     bugs: { url: 'https://github.com/TooTallNate/node-bindings/issues' },
175 silly install resolved     homepage: 'https://github.com/TooTallNate/node-bindings',
175 silly install resolved     license: 'MIT',
175 silly install resolved     gitHead: 'e404152ee27f8478ccbc7122ee051246e8e5ec02',
175 silly install resolved     _id: 'bindings@1.2.1',
175 silly install resolved     scripts: {},
175 silly install resolved     _shasum: '14ad6113812d2d37d72e67b4cacb4bb726505f11',
175 silly install resolved     _from: 'bindings@1.2.1',
175 silly install resolved     _npmVersion: '1.4.14',
175 silly install resolved     _npmUser: { name: 'tootallnate', email: 'nathan@tootallnate.net' },
175 silly install resolved     maintainers: [ [Object], [Object] ],
175 silly install resolved     dist:
175 silly install resolved      { shasum: '14ad6113812d2d37d72e67b4cacb4bb726505f11',
175 silly install resolved        tarball: 'http://registry.npmjs.org/bindings/-/bindings-1.2.1.tgz' },
175 silly install resolved     directories: {},
175 silly install resolved     _resolved: 'https://registry.npmjs.org/bindings/-/bindings-1.2.1.tgz' },
175 silly install resolved   { name: 'nan',
175 silly install resolved     version: '2.0.5',
175 silly install resolved     description: 'Native Abstractions for Node.js: C++ header for Node 0.8->0.12 compatibility',
175 silly install resolved     main: 'include_dirs.js',
175 silly install resolved     repository: { type: 'git', url: 'git://github.com/nodejs/nan.git' },
175 silly install resolved     scripts:
175 silly install resolved      { test: 'tap --gc test/js/*-test.js',
175 silly install resolved        'rebuild-tests': 'pangyp rebuild --msvs_version=2013 --directory test',
175 silly install resolved        docs: 'doc/.build.sh' },
175 silly install resolved     contributors:
175 silly install resolved      [ [Object],
175 silly install resolved        [Object],
175 silly install resolved        [Object],
175 silly install resolved        [Object],
175 silly install resolved        [Object],
175 silly install resolved        [Object],
175 silly install resolved        [Object] ],
175 silly install resolved     devDependencies:
175 silly install resolved      { bindings: '~1.2.1',
175 silly install resolved        'node-gyp': '~2.0.2',
175 silly install resolved        pangyp: '~2.2.0',
175 silly install resolved        tap: '~0.7.1',
175 silly install resolved        xtend: '~4.0.0' },
175 silly install resolved     license: 'MIT',
175 silly install resolved     gitHead: 'd13a2e9ce762fd130877b53c71d35963fa2cf689',
175 silly install resolved     bugs: { url: 'https://github.com/nodejs/nan/issues' },
175 silly install resolved     homepage: 'https://github.com/nodejs/nan#readme',
175 silly install resolved     _id: 'nan@2.0.5',
175 silly install resolved     _shasum: '365888014be1fd178db0cbfa258edf7b0cb1c408',
175 silly install resolved     _from: 'nan@2.0.5',
175 silly install resolved     _npmVersion: '2.13.3',
175 silly install resolved     _nodeVersion: '3.0.0',
175 silly install resolved     _npmUser: { name: 'kkoopa', email: 'bbyholm@abo.fi' },
175 silly install resolved     maintainers: [ [Object], [Object] ],
175 silly install resolved     dist:
175 silly install resolved      { shasum: '365888014be1fd178db0cbfa258edf7b0cb1c408',
175 silly install resolved        tarball: 'http://registry.npmjs.org/nan/-/nan-2.0.5.tgz' },
175 silly install resolved     directories: {},
175 silly install resolved     _resolved: 'https://registry.npmjs.org/nan/-/nan-2.0.5.tgz' } ]
176 info install bindings@1.2.1 into C:\Users\Cory Williams\Documents\Creative\todo\node_modules\bcrypt
177 info install nan@2.0.5 into C:\Users\Cory Williams\Documents\Creative\todo\node_modules\bcrypt
178 info installOne bindings@1.2.1
179 verbose installOne of bindings to C:\Users\Cory Williams\Documents\Creative\todo\node_modules\bcrypt not in flight; installing
180 info installOne nan@2.0.5
181 verbose installOne of nan to C:\Users\Cory Williams\Documents\Creative\todo\node_modules\bcrypt not in flight; installing
182 verbose lock using C:\Users\Cory Williams\AppData\Roaming\npm-cache\_locks\bindings-ac3201cf139ea390.lock for C:\Users\Cory Williams\Documents\Creative\todo\node_modules\bcrypt\node_modules\bindings
183 verbose lock using C:\Users\Cory Williams\AppData\Roaming\npm-cache\_locks\nan-f9a6a16683022a35.lock for C:\Users\Cory Williams\Documents\Creative\todo\node_modules\bcrypt\node_modules\nan
184 silly install write writing bindings 1.2.1 to C:\Users\Cory Williams\Documents\Creative\todo\node_modules\bcrypt\node_modules\bindings
185 silly install write writing nan 2.0.5 to C:\Users\Cory Williams\Documents\Creative\todo\node_modules\bcrypt\node_modules\nan
186 verbose unbuild node_modules\bcrypt\node_modules\bindings
187 verbose unbuild node_modules\bcrypt\node_modules\nan
188 silly gentlyRm C:\Users\Cory Williams\Documents\Creative\todo\node_modules\bcrypt\node_modules\bindings is being purged from base C:\Users\Cory Williams\Documents\Creative\todo
189 verbose gentlyRm don't care about contents; nuking C:\Users\Cory Williams\Documents\Creative\todo\node_modules\bcrypt\node_modules\bindings
190 verbose tar unpack C:\Users\Cory Williams\AppData\Roaming\npm-cache\bindings\1.2.1\package.tgz
191 verbose tar unpacking to C:\Users\Cory Williams\Documents\Creative\todo\node_modules\bcrypt\node_modules\bindings
192 silly gentlyRm C:\Users\Cory Williams\Documents\Creative\todo\node_modules\bcrypt\node_modules\bindings is being purged
193 verbose gentlyRm don't care about contents; nuking C:\Users\Cory Williams\Documents\Creative\todo\node_modules\bcrypt\node_modules\bindings
194 silly gentlyRm C:\Users\Cory Williams\Documents\Creative\todo\node_modules\bcrypt\node_modules\nan is being purged from base C:\Users\Cory Williams\Documents\Creative\todo
195 verbose gentlyRm don't care about contents; nuking C:\Users\Cory Williams\Documents\Creative\todo\node_modules\bcrypt\node_modules\nan
196 silly gunzTarPerm modes [ '777', '666' ]
197 verbose tar unpack C:\Users\Cory Williams\AppData\Roaming\npm-cache\nan\2.0.5\package.tgz
198 verbose tar unpacking to C:\Users\Cory Williams\Documents\Creative\todo\node_modules\bcrypt\node_modules\nan
199 silly gentlyRm C:\Users\Cory Williams\Documents\Creative\todo\node_modules\bcrypt\node_modules\nan is being purged
200 verbose gentlyRm don't care about contents; nuking C:\Users\Cory Williams\Documents\Creative\todo\node_modules\bcrypt\node_modules\nan
201 silly gunzTarPerm modes [ '777', '666' ]
202 silly gunzTarPerm extractEntry package.json
203 silly gunzTarPerm modified mode [ 'package.json', 420, 438 ]
204 silly gunzTarPerm extractEntry package.json
205 silly gunzTarPerm modified mode [ 'package.json', 436, 438 ]
206 silly gunzTarPerm extractEntry README.md
207 silly gunzTarPerm modified mode [ 'README.md', 420, 438 ]
208 silly gunzTarPerm extractEntry bindings.js
209 silly gunzTarPerm modified mode [ 'bindings.js', 420, 438 ]
210 silly gunzTarPerm extractEntry README.md
211 silly gunzTarPerm modified mode [ 'README.md', 436, 438 ]
212 silly gunzTarPerm extractEntry include_dirs.js
213 silly gunzTarPerm modified mode [ 'include_dirs.js', 436, 438 ]
214 silly gunzTarPerm extractEntry nan_converters.h
215 silly gunzTarPerm modified mode [ 'nan_converters.h', 436, 438 ]
216 silly gunzTarPerm extractEntry LICENSE.md
217 silly gunzTarPerm modified mode [ 'LICENSE.md', 436, 438 ]
218 silly gunzTarPerm extractEntry .dntrc
219 silly gunzTarPerm modified mode [ '.dntrc', 436, 438 ]
220 silly gunzTarPerm extractEntry appveyor.yml
221 silly gunzTarPerm modified mode [ 'appveyor.yml', 436, 438 ]
222 verbose write writing to C:\Users\Cory Williams\Documents\Creative\todo\node_modules\bcrypt\node_modules\bindings\package.json
223 silly gunzTarPerm extractEntry doc/new.md
224 silly gunzTarPerm modified mode [ 'doc/new.md', 436, 438 ]
225 silly gunzTarPerm extractEntry doc/.build.sh
226 silly gunzTarPerm modified mode [ 'doc/.build.sh', 509, 511 ]
227 info preinstall bindings@1.2.1
228 silly gunzTarPerm extractEntry doc/buffers.md
229 silly gunzTarPerm modified mode [ 'doc/buffers.md', 436, 438 ]
230 silly gunzTarPerm extractEntry doc/callback.md
231 silly gunzTarPerm modified mode [ 'doc/callback.md', 436, 438 ]
232 verbose readDependencies loading dependencies from C:\Users\Cory Williams\Documents\Creative\todo\node_modules\bcrypt\node_modules\bindings\package.json
233 silly gunzTarPerm extractEntry doc/converters.md
234 silly gunzTarPerm modified mode [ 'doc/converters.md', 436, 438 ]
235 silly gunzTarPerm extractEntry doc/errors.md
236 silly gunzTarPerm modified mode [ 'doc/errors.md', 436, 438 ]
237 verbose readDependencies loading dependencies from C:\Users\Cory Williams\Documents\Creative\todo\node_modules\bcrypt\node_modules\bindings\package.json
238 silly install resolved []
239 verbose about to build C:\Users\Cory Williams\Documents\Creative\todo\node_modules\bcrypt\node_modules\bindings
240 info build C:\Users\Cory Williams\Documents\Creative\todo\node_modules\bcrypt\node_modules\bindings
241 silly gunzTarPerm extractEntry doc/maybe_types.md
242 silly gunzTarPerm modified mode [ 'doc/maybe_types.md', 436, 438 ]
243 silly gunzTarPerm extractEntry doc/methods.md
244 silly gunzTarPerm modified mode [ 'doc/methods.md', 436, 438 ]
245 info linkStuff bindings@1.2.1
246 silly linkStuff bindings@1.2.1 has C:\Users\Cory Williams\Documents\Creative\todo\node_modules\bcrypt\node_modules as its parent node_modules
247 silly gunzTarPerm extractEntry doc/asyncworker.md
248 silly gunzTarPerm modified mode [ 'doc/asyncworker.md', 436, 438 ]
249 silly gunzTarPerm extractEntry doc/node_misc.md
250 silly gunzTarPerm modified mode [ 'doc/node_misc.md', 436, 438 ]
251 verbose linkBins bindings@1.2.1
252 verbose linkMans bindings@1.2.1
253 verbose rebuildBundles bindings@1.2.1
254 info install bindings@1.2.1
255 silly gunzTarPerm extractEntry doc/persistent.md
256 silly gunzTarPerm modified mode [ 'doc/persistent.md', 436, 438 ]
257 silly gunzTarPerm extractEntry doc/scopes.md
258 silly gunzTarPerm modified mode [ 'doc/scopes.md', 436, 438 ]
259 info postinstall bindings@1.2.1
260 verbose unlock done using C:\Users\Cory Williams\AppData\Roaming\npm-cache\_locks\bindings-ac3201cf139ea390.lock for C:\Users\Cory Williams\Documents\Creative\todo\node_modules\bcrypt\node_modules\bindings
261 silly gunzTarPerm extractEntry doc/script.md
262 silly gunzTarPerm modified mode [ 'doc/script.md', 436, 438 ]
263 silly gunzTarPerm extractEntry doc/string_bytes.md
264 silly gunzTarPerm modified mode [ 'doc/string_bytes.md', 436, 438 ]
265 silly gunzTarPerm extractEntry doc/v8_internals.md
266 silly gunzTarPerm modified mode [ 'doc/v8_internals.md', 436, 438 ]
267 silly gunzTarPerm extractEntry doc/v8_misc.md
268 silly gunzTarPerm modified mode [ 'doc/v8_misc.md', 436, 438 ]
269 silly gunzTarPerm extractEntry nan.h
270 silly gunzTarPerm modified mode [ 'nan.h', 436, 438 ]
271 silly gunzTarPerm extractEntry nan_callbacks.h
272 silly gunzTarPerm modified mode [ 'nan_callbacks.h', 436, 438 ]
273 silly gunzTarPerm extractEntry nan_callbacks_12_inl.h
274 silly gunzTarPerm modified mode [ 'nan_callbacks_12_inl.h', 436, 438 ]
275 silly gunzTarPerm extractEntry nan_callbacks_pre_12_inl.h
276 silly gunzTarPerm modified mode [ 'nan_callbacks_pre_12_inl.h', 436, 438 ]
277 silly gunzTarPerm extractEntry nan_converters_43_inl.h
278 silly gunzTarPerm modified mode [ 'nan_converters_43_inl.h', 436, 438 ]
279 silly gunzTarPerm extractEntry nan_converters_pre_43_inl.h
280 silly gunzTarPerm modified mode [ 'nan_converters_pre_43_inl.h', 436, 438 ]
281 silly gunzTarPerm extractEntry nan_implementation_12_inl.h
282 silly gunzTarPerm modified mode [ 'nan_implementation_12_inl.h', 436, 438 ]
283 silly gunzTarPerm extractEntry nan_implementation_pre_12_inl.h
284 silly gunzTarPerm modified mode [ 'nan_implementation_pre_12_inl.h', 436, 438 ]
285 silly gunzTarPerm extractEntry nan_maybe_43_inl.h
286 silly gunzTarPerm modified mode [ 'nan_maybe_43_inl.h', 436, 438 ]
287 silly gunzTarPerm extractEntry nan_maybe_pre_43_inl.h
288 silly gunzTarPerm modified mode [ 'nan_maybe_pre_43_inl.h', 436, 438 ]
289 silly gunzTarPerm extractEntry nan_new.h
290 silly gunzTarPerm modified mode [ 'nan_new.h', 436, 438 ]
291 silly gunzTarPerm extractEntry nan_object_wrap.h
292 silly gunzTarPerm modified mode [ 'nan_object_wrap.h', 436, 438 ]
293 silly gunzTarPerm extractEntry nan_persistent_12_inl.h
294 silly gunzTarPerm modified mode [ 'nan_persistent_12_inl.h', 436, 438 ]
295 silly gunzTarPerm extractEntry nan_persistent_pre_12_inl.h
296 silly gunzTarPerm modified mode [ 'nan_persistent_pre_12_inl.h', 436, 438 ]
297 silly gunzTarPerm extractEntry nan_string_bytes.h
298 silly gunzTarPerm modified mode [ 'nan_string_bytes.h', 436, 438 ]
299 silly gunzTarPerm extractEntry nan_weak.h
300 silly gunzTarPerm modified mode [ 'nan_weak.h', 436, 438 ]
301 silly gunzTarPerm extractEntry CHANGELOG.md
302 silly gunzTarPerm modified mode [ 'CHANGELOG.md', 436, 438 ]
303 silly gunzTarPerm extractEntry tools/package.json
304 silly gunzTarPerm modified mode [ 'tools/package.json', 436, 438 ]
305 silly gunzTarPerm extractEntry tools/README.md
306 silly gunzTarPerm modified mode [ 'tools/README.md', 436, 438 ]
307 silly gunzTarPerm extractEntry tools/1to2.js
308 silly gunzTarPerm modified mode [ 'tools/1to2.js', 509, 511 ]
309 verbose write writing to C:\Users\Cory Williams\Documents\Creative\todo\node_modules\bcrypt\node_modules\nan\package.json
310 info preinstall nan@2.0.5
311 verbose readDependencies loading dependencies from C:\Users\Cory Williams\Documents\Creative\todo\node_modules\bcrypt\node_modules\nan\package.json
312 verbose readDependencies loading dependencies from C:\Users\Cory Williams\Documents\Creative\todo\node_modules\bcrypt\node_modules\nan\package.json
313 silly install resolved []
314 verbose about to build C:\Users\Cory Williams\Documents\Creative\todo\node_modules\bcrypt\node_modules\nan
315 info build C:\Users\Cory Williams\Documents\Creative\todo\node_modules\bcrypt\node_modules\nan
316 info linkStuff nan@2.0.5
317 silly linkStuff nan@2.0.5 has C:\Users\Cory Williams\Documents\Creative\todo\node_modules\bcrypt\node_modules as its parent node_modules
318 verbose linkBins nan@2.0.5
319 verbose linkMans nan@2.0.5
320 verbose rebuildBundles nan@2.0.5
321 info install nan@2.0.5
322 info postinstall nan@2.0.5
323 verbose unlock done using C:\Users\Cory Williams\AppData\Roaming\npm-cache\_locks\nan-f9a6a16683022a35.lock for C:\Users\Cory Williams\Documents\Creative\todo\node_modules\bcrypt\node_modules\nan
324 verbose about to build C:\Users\Cory Williams\Documents\Creative\todo\node_modules\bcrypt
325 info build C:\Users\Cory Williams\Documents\Creative\todo\node_modules\bcrypt
326 info linkStuff bcrypt@0.8.5
327 silly linkStuff bcrypt@0.8.5 has C:\Users\Cory Williams\Documents\Creative\todo\node_modules as its parent node_modules
328 verbose linkBins bcrypt@0.8.5
329 verbose linkMans bcrypt@0.8.5
330 verbose rebuildBundles bcrypt@0.8.5
331 verbose rebuildBundles [ 'bindings', 'nan' ]
332 info install bcrypt@0.8.5
333 verbose unsafe-perm in lifecycle true
334 info bcrypt@0.8.5 Failed to exec install script
335 verbose unlock done using C:\Users\Cory Williams\AppData\Roaming\npm-cache\_locks\bcrypt-36e1328a1347bc5d.lock for C:\Users\Cory Williams\Documents\Creative\todo\node_modules\bcrypt
336 verbose stack Error: bcrypt@0.8.5 install: `node-gyp rebuild`
336 verbose stack Exit status 1
336 verbose stack     at EventEmitter.<anonymous> (C:\Program Files\nodejs\node_modules\npm\lib\utils\lifecycle.js:213:16)
336 verbose stack     at EventEmitter.emit (events.js:110:17)
336 verbose stack     at ChildProcess.<anonymous> (C:\Program Files\nodejs\node_modules\npm\lib\utils\spawn.js:24:14)
336 verbose stack     at ChildProcess.emit (events.js:110:17)
336 verbose stack     at maybeClose (child_process.js:1015:16)
336 verbose stack     at Process.ChildProcess._handle.onexit (child_process.js:1087:5)
337 verbose pkgid bcrypt@0.8.5
338 verbose cwd C:\Users\Cory Williams\Documents\Creative\todo
339 error Windows_NT 6.1.7601
340 error argv "C:\\Program Files\\nodejs\\\\node.exe" "C:\\Program Files\\nodejs\\node_modules\\npm\\bin\\npm-cli.js" "install" "bcrypt"
341 error node v0.12.7
342 error npm  v2.11.3
343 error code ELIFECYCLE
344 error bcrypt@0.8.5 install: `node-gyp rebuild`
344 error Exit status 1
345 error Failed at the bcrypt@0.8.5 install script 'node-gyp rebuild'.
345 error This is most likely a problem with the bcrypt package,
345 error not with npm itself.
345 error Tell the author that this fails on your system:
345 error     node-gyp rebuild
345 error You can get their info via:
345 error     npm owner ls bcrypt
345 error There is likely additional logging output above.
346 verbose exit [ 1, true ]
347 verbose unbuild node_modules\bcrypt
348 info preuninstall bcrypt@0.8.5
349 info uninstall bcrypt@0.8.5
350 verbose unbuild rmStuff bcrypt@0.8.5 from C:\Users\Cory Williams\Documents\Creative\todo\node_modules
351 info postuninstall bcrypt@0.8.5
352 silly gentlyRm C:\Users\Cory Williams\Documents\Creative\todo\node_modules\bcrypt is being purged from base C:\Users\Cory Williams\Documents\Creative\todo
353 verbose gentlyRm don't care about contents; nuking C:\Users\Cory Williams\Documents\Creative\todo\node_modules\bcrypt
354 silly vacuum-fs purging C:\Users\Cory Williams\Documents\Creative\todo\node_modules\bcrypt
355 silly vacuum-fs quitting because other entries in C:\Users\Cory Williams\Documents\Creative\todo\node_modules
